<?xml version="1.0" encoding="UTF-8"?>
<!-- Generated by org.testng.reporters.JUnitXMLReporter -->
<testsuite hostname="Laxman-PC" ignored="0" name="Test" tests="1" failures="1" timestamp="22 Nov 2019 03:06:05 GMT" time="0.12" errors="0">
  <testcase name="Login_HRM" time="0.074" classname="com.qa.tests.HRM_Login">
    <failure type="java.lang.IllegalStateException" message="The driver executable does not exist: D:\Sai_Project\TM_HRM_Maven\‪chromedriver.exe">
      <![CDATA[java.lang.IllegalStateException: The driver executable does not exist: D:\Sai_Project\TM_HRM_Maven\‪chromedriver.exe
at com.google.common.base.Preconditions.checkState(Preconditions.java:585)
at org.openqa.selenium.remote.service.DriverService.checkExecutable(DriverService.java:146)
at org.openqa.selenium.remote.service.DriverService.findExecutable(DriverService.java:141)
at org.openqa.selenium.chrome.ChromeDriverService.access$000(ChromeDriverService.java:35)
at org.openqa.selenium.chrome.ChromeDriverService$Builder.findDefaultExecutable(ChromeDriverService.java:159)
at org.openqa.selenium.remote.service.DriverService$Builder.build(DriverService.java:355)
at org.openqa.selenium.chrome.ChromeDriverService.createDefaultService(ChromeDriverService.java:94)
at org.openqa.selenium.chrome.ChromeDriver.<init>(ChromeDriver.java:123)
at com.qa.tests.HRM_Login.Login_HRM(HRM_Login.java:10)
... Removed 25 stack frames]]>
    </failure>
  </testcase> <!-- Login_HRM -->
</testsuite> <!-- Test -->
